2026-02-12 03:28:16,692 - INFO - EVENT RECEIVED: joiner for EMP001
2026-02-12 03:28:16,693 - INFO - ON-PREM: Provisioning resources for EMP001
2026-02-12 03:28:16,693 - INFO - CLOUD: Provisioning resources for EMP001
2026-02-12 03:32:31,983 - INFO - EVENT RECEIVED: joiner for EMP002
2026-02-12 03:32:31,985 - INFO - ON-PREM: Provisioning resources for EMP002
2026-02-12 03:32:31,985 - INFO - CLOUD: Provisioning resources for EMP002
2026-02-12 03:34:03,037 - INFO - EVENT RECEIVED: joiner for EMP002
2026-02-12 03:34:03,037 - INFO - ON-PREM: Provisioning resources for EMP002
2026-02-12 03:34:03,037 - INFO - CLOUD: Provisioning resources for EMP002
2026-02-12 03:35:41,575 - INFO - EVENT RECEIVED: joiner for EMP002
2026-02-12 03:35:41,576 - INFO - ON-PREM: Provisioning resources for EMP002
2026-02-12 03:35:41,576 - INFO - CLOUD: Provisioning resources for EMP002
2026-02-12 03:37:25,730 - INFO - EVENT RECEIVED: joiner for EMP002
2026-02-12 03:37:25,732 - INFO - ON-PREM: Provisioning resources for EMP002
2026-02-12 03:37:25,732 - INFO - CLOUD: Provisioning resources for EMP002
2026-02-12 03:39:03,285 - INFO - EVENT RECEIVED: leaver for EMP002
2026-02-12 03:39:03,286 - INFO - DEPROVISION: Removing access for EMP002
2026-02-12 03:39:39,281 - INFO - EVENT RECEIVED: mover for EMP002
2026-02-12 03:39:39,281 - INFO - ON-PREM: Provisioning resources for EMP002
2026-02-12 03:39:39,281 - INFO - CLOUD: Provisioning resources for EMP002
